#-----------------------------------------------------------
# Vivado v2018.2 (64-bit)
# SW Build 2258646 on Thu Jun 14 20:03:12 MDT 2018
# IP Build 2256618 on Thu Jun 14 22:10:49 MDT 2018
# Start of session at: Sun Nov 14 13:03:43 2021
# Process ID: 10924
# Current directory: C:/Users/Pc/Desktop/n0.13
# Command line: vivado.exe -gui_launcher_event rodinguilauncherevent8964 C:\Users\Pc\Desktop\n0.13\n0.13.xpr
# Log file: C:/Users/Pc/Desktop/n0.13/vivado.log
# Journal file: C:/Users/Pc/Desktop/n0.13\vivado.jou
#-----------------------------------------------------------
start_gui
open_project C:/Users/Pc/Desktop/n0.13/n0.13.xpr
Scanning sources...
Finished scanning sources
INFO: [IP_Flow 19-234] Refreshing IP repositories
INFO: [IP_Flow 19-1704] No user IP repositories specified
INFO: [IP_Flow 19-2313] Loaded Vivado IP repository 'C:/Xilinx/Vivado/2018.2/data/ip'.
open_project: Time (s): cpu = 00:00:26 ; elapsed = 00:00:54 . Memory (MB): peak = 759.684 ; gain = 136.313
update_compile_order -fileset sources_1
exit
INFO: [Common 17-206] Exiting Vivado at Sun Nov 14 13:09:16 2021...
3:07:28 2021...
